<?xml version="1.0" encoding="UTF-8"?>
<!-- Generated by org.testng.reporters.JUnitReportReporter -->
<testsuite hostname="ElavarasanSJ" failures="0" tests="4" name="executing.LoginPageJunit" time="6.913" errors="0" timestamp="2024-10-20T18:03:54 IST" skipped="0">
  <testcase classname="executing.LoginPageJunit" name="BrowserLaunch" time="5.347"/>
  <system-out/>
  <testcase classname="executing.LoginPageJunit" name="LoginPageValidation" time="0.076"/>
  <system-out/>
  <testcase classname="executing.LoginPageJunit" name="EnterValidLoginCrdentials" time="1.076"/>
  <system-out/>
  <testcase classname="executing.LoginPageJunit" name="ClickLoginButton" time="0.414"/>
  <system-out/>
</testsuite> <!-- executing.LoginPageJunit -->
